Id. usuario del trabajo: d3estudiante26
Id. del trabajo: 91836
Nombre del trabajo especificado por usuario: helloOMP
Directorio de trabajo (en el que se ejecuta el script): /home/d3estudiante26/bp1/ejer10
Cola: ac
Nodo que ejecuta este trabajo:atcgrid.ugr.es
Nº de nodos asignados al trabajo: 1
Nodos asignados al trabajo: atcgrid1
CPUs por nodo: 24
Tiempo:0.000434682	 / Tamaño Vectores:16384	/ V1[0]+V2[0]=V3[0](0.643976+0.963920=1.607896) / / V1[16383]+V2[16383]=V3[16383](0.295304+0.989207=1.284511) /
Tiempo:0.000467208	 / Tamaño Vectores:32768	/ V1[0]+V2[0]=V3[0](0.643976+0.963920=1.607896) / / V1[32767]+V2[32767]=V3[32767](0.088541+0.860534=0.949076) /
Tiempo:0.000356291	 / Tamaño Vectores:65536	/ V1[0]+V2[0]=V3[0](0.643976+0.963920=1.607896) / / V1[65535]+V2[65535]=V3[65535](3.726647+1.797219=5.523866) /
Tiempo:0.000499056	 / Tamaño Vectores:131072	/ V1[0]+V2[0]=V3[0](0.643976+0.963920=1.607896) / / V1[131071]+V2[131071]=V3[131071](0.139147+0.420969=0.560116) /
Tiempo:0.001367306	 / Tamaño Vectores:262144	/ V1[0]+V2[0]=V3[0](0.643976+0.963920=1.607896) / / V1[262143]+V2[262143]=V3[262143](0.626483+0.308373=0.934856) /
Tiempo:0.002516822	 / Tamaño Vectores:524288	/ V1[0]+V2[0]=V3[0](0.643976+0.963920=1.607896) / / V1[524287]+V2[524287]=V3[524287](0.808991+34.729316=35.538307) /
Tiempo:0.004973934	 / Tamaño Vectores:1048576	/ V1[0]+V2[0]=V3[0](3.512490+0.912919=4.425409) / / V1[1048575]+V2[1048575]=V3[1048575](0.113762+1.897123=2.010885) /
Tiempo:0.008847148	 / Tamaño Vectores:2097152	/ V1[0]+V2[0]=V3[0](3.512490+0.912919=4.425409) / / V1[2097151]+V2[2097151]=V3[2097151](50.660640+1.273937=51.934577) /
Tiempo:0.017095919	 / Tamaño Vectores:4194304	/ V1[0]+V2[0]=V3[0](3.512490+0.912919=4.425409) / / V1[4194303]+V2[4194303]=V3[4194303](0.354509+0.726450=1.080959) /
Tiempo:0.032331859	 / Tamaño Vectores:8388608	/ V1[0]+V2[0]=V3[0](3.512490+0.912919=4.425409) / / V1[8388607]+V2[8388607]=V3[8388607](0.902368+0.988769=1.891137) /
Tiempo:0.063942061	 / Tamaño Vectores:16777216	/ V1[0]+V2[0]=V3[0](3.512490+0.912919=4.425409) / / V1[16777215]+V2[16777215]=V3[16777215](0.563470+0.727299=1.290769) /
Tiempo:0.126561664	 / Tamaño Vectores:33554432	/ V1[0]+V2[0]=V3[0](1.553202+0.289424=1.842626) / / V1[33554431]+V2[33554431]=V3[33554431](0.874565+0.277005=1.151570) /
Tiempo:0.126731809	 / Tamaño Vectores:33554432	/ V1[0]+V2[0]=V3[0](0.478010+0.900141=1.378151) / / V1[33554431]+V2[33554431]=V3[33554431](1.035951+1.928379=2.964330) /
